<?xml version="1.0" encoding="UTF-8"?>
<!-- Generated by org.testng.reporters.JUnitXMLReporter -->
<testsuite ignored="4" hostname="LAPTOP-MFJ8Q0NV" failures="0" tests="1" name="Default test" time="5.894" errors="0" timestamp="2021-11-02T00:16:51 IST">
  <testcase classname="practicePackage.GettingStarted" name="validateResponse3" time="5.826"/>
  <testcase classname="practicePackage.GettingStarted" name="validateResponse2" time="0.0">
    <ignored/>
  </testcase> <!-- validateResponse2 -->
  <testcase classname="practicePackage.GettingStarted" name="validateResponse" time="0.0">
    <ignored/>
  </testcase> <!-- validateResponse -->
  <testcase classname="practicePackage.GettingStarted" name="validateResponse1" time="0.0">
    <ignored/>
  </testcase> <!-- validateResponse1 -->
  <testcase classname="practicePackage.GettingStarted" name="sampleTest" time="0.0">
    <ignored/>
  </testcase> <!-- sampleTest -->
</testsuite> <!-- Default test -->
