<?xml version="1.0" encoding="UTF-8"?>
<testng-results ignored="4" total="5" passed="1" failed="0" skipped="0">
  <reporter-output>
  </reporter-output>
  <suite started-at="2021-11-02T00:16:45 IST" name="Default suite" finished-at="2021-11-02T00:16:51 IST" duration-ms="5894">
    <groups>
    </groups>
    <test started-at="2021-11-02T00:16:45 IST" name="Default test" finished-at="2021-11-02T00:16:51 IST" duration-ms="5894">
      <class name="practicePackage.GettingStarted">
        <test-method signature="validateResponse3()[pri:0, instance:practicePackage.GettingStarted@10163d6]" started-at="2021-11-02T00:16:45 IST" name="validateResponse3" finished-at="2021-11-02T00:16:51 IST" duration-ms="5826" status="PASS">
          <reporter-output>
          </reporter-output>
        </test-method> <!-- validateResponse3 -->
      </class> <!-- practicePackage.GettingStarted -->
    </test> <!-- Default test -->
  </suite> <!-- Default suite -->
</testng-results>
