<?xml version="1.0" encoding="UTF-8"?>
<testng-results ignored="0" total="1" passed="1" failed="0" skipped="0">
  <reporter-output>
  </reporter-output>
  <suite started-at="2021-09-07T17:26:27Z" name="Default suite" finished-at="2021-09-07T17:26:32Z" duration-ms="5010">
    <groups>
    </groups>
    <test started-at="2021-09-07T17:26:27Z" name="Default test" finished-at="2021-09-07T17:26:32Z" duration-ms="5010">
      <class name="filters.ReuseFilter">
        <test-method is-config="true" signature="beforeClass()[pri:0, instance:filters.ReuseFilter@3e74829]" started-at="2021-09-07T17:26:27Z" name="beforeClass" finished-at="2021-09-07T17:26:28Z" duration-ms="1512" status="PASS">
          <reporter-output>
          </reporter-output>
        </test-method> <!-- beforeClass -->
        <test-method signature="m1()[pri:0, instance:filters.ReuseFilter@3e74829]" started-at="2021-09-07T17:26:28Z" name="m1" finished-at="2021-09-07T17:26:32Z" duration-ms="3450" status="PASS">
          <reporter-output>
          </reporter-output>
        </test-method> <!-- m1 -->
      </class> <!-- filters.ReuseFilter -->
    </test> <!-- Default test -->
  </suite> <!-- Default suite -->
</testng-results>
